[ 0.000 sec] Logging started -------------------------------
[ 0.004 sec] Store default settings
[ 0.005 sec] Load settings
[ 0.015 sec] Current revision 2016112701
[ 0.016 sec] No settings changed yet
[ 0.033 sec] Logging finished ------------------------------
[ 0.000 sec] Logging started -------------------------------
[ 0.004 sec] Store default settings
[ 0.005 sec] Load settings
[ 0.015 sec] Current revision 2016112701
[ 0.017 sec] No settings changed yet
[ 0.037 sec] Logging finished ------------------------------
[ 0.000 sec] Logging started -------------------------------
[ 0.004 sec] Store default settings
[ 0.005 sec] Load settings
[ 0.014 sec] Current revision 2016112701
[ 0.016 sec] Apply changed settings:
[ 0.017 sec] Changed global option revision: 2016112701
[ 0.018 sec] Changed global option last_settings_update: 0
[ 0.020 sec] Changed global option piwik_mode: http
[ 0.021 sec] Changed global option piwik_url: https://www.braekling.de/stats/
[ 0.022 sec] Changed global option piwik_path: 
[ 0.024 sec] Changed global option piwik_user: 
[ 0.025 sec] Changed global option piwik_token: 54f86e59fef0823b8c431fea8fd88c18
[ 0.026 sec] Changed global option auto_site_config: 1
[ 0.028 sec] Changed global option default_date: yesterday
[ 0.029 sec] Changed global option stats_seo: 0
[ 0.031 sec] Changed global option dashboard_widget: disabled
[ 0.032 sec] Changed global option dashboard_chart: 0
[ 0.033 sec] Changed global option dashboard_seo: 0
[ 0.035 sec] Changed global option toolbar: 0
[ 0.036 sec] Changed global option capability_read_stats: a:5:{s:13:"administrator";s:1:"1";s:6:"editor";s:1:"0";s:6:"author";s:1:"0";s:11:"contributor";s:1:"0";s:10:"subscriber";s:1:"0";}
[ 0.037 sec] Changed global option perpost_stats: 0
[ 0.041 sec] Changed global option plugin_display_name: WP-Piwik
[ 0.044 sec] Changed global option piwik_shortcut: 0
[ 0.046 sec] Changed global option shortcodes: 0
[ 0.048 sec] Changed global option track_mode: disabled
[ 0.049 sec] Changed global option track_codeposition: footer
[ 0.050 sec] Changed global option track_noscript: 0
[ 0.052 sec] Changed global option track_nojavascript: 0
[ 0.053 sec] Changed global option proxy_url: 
[ 0.055 sec] Changed global option track_content: disabled
[ 0.058 sec] Changed global option track_search: 0
[ 0.059 sec] Changed global option track_404: 0
[ 0.061 sec] Changed global option add_post_annotations: 0
[ 0.062 sec] Changed global option add_customvars_box: 0
[ 0.063 sec] Changed global option add_download_extensions: 
[ 0.065 sec] Changed global option set_download_extensions: 
[ 0.066 sec] Changed global option disable_cookies: 0
[ 0.067 sec] Changed global option limit_cookies: 0
[ 0.068 sec] Changed global option limit_cookies_visitor: 34186669
[ 0.070 sec] Changed global option limit_cookies_session: 1800
[ 0.071 sec] Changed global option limit_cookies_referral: 15778463
[ 0.072 sec] Changed global option track_admin: 0
[ 0.073 sec] Changed global option capability_stealth: a:0:{}
[ 0.075 sec] Changed global option track_across: 0
[ 0.076 sec] Changed global option track_across_alias: 0
[ 0.077 sec] Changed global option track_feed: 0
[ 0.079 sec] Changed global option track_feed_addcampaign: 0
[ 0.080 sec] Changed global option track_feed_campaign: feed
[ 0.081 sec] Changed global option track_heartbeat: 0
[ 0.082 sec] Changed global option track_user_id: disabled
[ 0.084 sec] Changed global option cache: 1
[ 0.085 sec] Changed global option http_connection: curl
[ 0.086 sec] Changed global option http_method: post
[ 0.087 sec] Changed global option disable_timelimit: 0
[ 0.089 sec] Changed global option connection_timeout: 5
[ 0.090 sec] Changed global option disable_ssl_verify: 0
[ 0.091 sec] Changed global option disable_ssl_verify_host: 0
[ 0.092 sec] Changed global option piwik_useragent: php
[ 0.094 sec] Changed global option piwik_useragent_string: WP-Piwik
[ 0.095 sec] Changed global option track_datacfasync: 0
[ 0.096 sec] Changed global option track_cdnurl: 
[ 0.097 sec] Changed global option track_cdnurlssl: 
[ 0.099 sec] Changed global option force_protocol: disabled
[ 0.100 sec] Changed global option update_notice: enabled
[ 0.101 sec] Changed option name: 
[ 0.102 sec] Changed option site_id: 
[ 0.104 sec] Changed option noscript_code: 
[ 0.105 sec] Changed option tracking_code: 
[ 0.106 sec] Changed option last_tracking_code_update: 0
[ 0.107 sec] Changed option dashboard_revision: 0
[ 0.109 sec] Changed global option last_settings_update: 1480801261
[ 0.110 sec] Save settings
[ 0.135 sec] Database result: 
[ 0.139 sec] Perform request: method=SitesManager.getSitesIdFromSiteUrl&url=http://192.168.99.100:8080
[ 0.353 sec] Result string: [[],"2.17.1"]
[ 0.355 sec] Tried to identify current site, result: a:0:{}
[ 0.357 sec] Perform request: global.getPiwikVersion
[ 0.359 sec] Perform request: method=SitesManager.addSite&urls=http://192.168.99.100:8080&siteName=test
[ 0.632 sec] Result string: [20]
[ 0.635 sec] Create Piwik ID: WordPress site http://192.168.99.100:8080 = Piwik ID 20
[ 0.637 sec] Get Piwik ID: WordPress site http://192.168.99.100:8080 = Piwik ID 20
[ 0.638 sec] Changed option site_id: 20
[ 0.640 sec] Save settings
[ 0.649 sec] Changed option site_id: 20
[ 0.650 sec] Changed global option revision: 2016112701
[ 0.652 sec] Changed global option last_settings_update: 1480801262
[ 0.653 sec] Save settings
[ 0.724 sec] Database result: 20
[ 0.726 sec] Perform request: global.getPiwikVersion
[ 0.936 sec] Result string: ["2.17.1"]
[ 0.940 sec] Database result: 20
[ 0.942 sec] Perform request: method=SitesManager.getSitesWithAtLeastViewAccess
[ 1.134 sec] Result string: [[{"idsite":"1","name":"Braekling.de","main_url":"https:\/\/braekling.de","ts_created":"2015-07-23 21:00:47","ecommerce":"0","sitesearch":"1","sitesearch_keyword_parameters":"","sitesearch_category_parameters":"","timezone":"Europe\/Berlin","currency":"EUR","exclude_unknown_urls":"0","excluded_ips":"","excluded_parameters":"","excluded_user_agents":"","group":"","type":"website","keep_url_fragment":"0"},{"idsite":"2","name":"Diva-tc.de","main_url":"https:\/\/diva-tc.de","ts_created":"2015-07-24 20:32:13","ecommerce":"0","sitesearch":"1","sitesearch_keyword_parameters":"","sitesearch_category_parameters":"","timezone":"Europe\/Berlin","currency":"EUR","exclude_unknown_urls":"0","excluded_ips":"","excluded_parameters":"","excluded_user_agents":"","group":"","type":"website","keep_url_fragment":"0"},{"idsite":"3","name":"Marchia.de","main_url":"https:\/\/www.marchia.de","ts_created":"2015-07-30 02:00:00","ecommerce":"0","sitesearch":"1","sitesearch_keyword_parameters":"","sitesearch_category_parameters":"","timezone":"Europe\/Berlin","currency":"EUR","exclude_unknown_urls":"0","excluded_ips":"","excluded_parameters":"","excluded_user_agents":"","group":"","type":"website","keep_url_fragment":"0"},{"idsite":"5","name":"Marchia.de Interner Bereich","main_url":"https:\/\/intern.marchia.de","ts_created":"2016-02-15 00:00:00","ecommerce":"0","sitesearch":"1","sitesearch_keyword_parameters":"","sitesearch_category_parameters":"","timezone":"Europe\/Berlin","currency":"USD","exclude_unknown_urls":"0","excluded_ips":"","excluded_parameters":"","excluded_user_agents":"","group":"","type":"website","keep_url_fragment":"0"},{"idsite":"6","name":"Wedding","main_url":"https:\/\/nicole-und-andre.de","ts_created":"2016-05-26 00:00:00","ecommerce":"0","sitesearch":"1","sitesearch_keyword_parameters":"","sitesearch_category_parameters":"","timezone":"Europe\/Berlin","currency":"USD","exclude_unknown_urls":"0","excluded_ips":"","excluded_parameters":"","excluded_user_agents":"","group":"","type":"website","keep_url_fragment":"0"},{"idsite":"20","name":"test","main_url":"http:\/\/192.168.99.100:8080","ts_created":"2016-12-03 21:41:02","ecommerce":"0","sitesearch":"1","sitesearch_keyword_parameters":"","sitesearch_category_parameters":"","timezone":"Europe\/Berlin","currency":"USD","exclude_unknown_urls":"0","excluded_ips":"","excluded_parameters":"","excluded_user_agents":"","group":"","type":"website","keep_url_fragment":"0"}]]
[ 4.051 sec] Logging finished ------------------------------
[ 0.000 sec] Logging started -------------------------------
[ 0.004 sec] Store default settings
[ 0.005 sec] Load settings
[ 0.008 sec] Current revision 2016112701
[ 0.010 sec] No settings changed yet
[ 0.075 sec] Reset WP-Piwik settings
[ 0.084 sec] Logging finished ------------------------------
[ 0.000 sec] Logging started -------------------------------
[ 0.004 sec] Store default settings
[ 0.005 sec] Load settings
[ 0.019 sec] Current revision 0
[ 0.021 sec] Running WP-Piwik installation
[ 0.025 sec] Changed global option revision: 2016112701
[ 0.026 sec] Changed global option last_settings_update: 1480801298
[ 0.027 sec] Save settings
[ 2.945 sec] Logging finished ------------------------------
[ 0.000 sec] Logging started -------------------------------
[ 0.004 sec] Store default settings
[ 0.005 sec] Load settings
[ 0.015 sec] Current revision 2016112701
[ 0.016 sec] Apply changed settings:
[ 0.018 sec] Changed global option revision: 2016112701
[ 0.019 sec] Changed global option last_settings_update: 0
[ 0.020 sec] Changed global option piwik_mode: http
[ 0.021 sec] Changed global option piwik_url: https://www.braekling.de/stats/
[ 0.023 sec] Changed global option piwik_path: 
[ 0.024 sec] Changed global option piwik_user: 
[ 0.025 sec] Changed global option piwik_token: 54f86e59fef0823b8c431fea8fd88c18
[ 0.026 sec] Changed global option auto_site_config: 1
[ 0.028 sec] Changed global option default_date: yesterday
[ 0.029 sec] Changed global option stats_seo: 0
[ 0.030 sec] Changed global option dashboard_widget: disabled
[ 0.032 sec] Changed global option dashboard_chart: 0
[ 0.033 sec] Changed global option dashboard_seo: 0
[ 0.034 sec] Changed global option toolbar: 0
[ 0.035 sec] Changed global option capability_read_stats: a:5:{s:13:"administrator";s:1:"1";s:6:"editor";s:1:"0";s:6:"author";s:1:"0";s:11:"contributor";s:1:"0";s:10:"subscriber";s:1:"0";}
[ 0.036 sec] Changed global option perpost_stats: 0
[ 0.038 sec] Changed global option plugin_display_name: WP-Piwik
[ 0.039 sec] Changed global option piwik_shortcut: 0
[ 0.040 sec] Changed global option shortcodes: 0
[ 0.042 sec] Changed global option track_mode: disabled
[ 0.043 sec] Changed global option track_codeposition: footer
[ 0.044 sec] Changed global option track_noscript: 0
[ 0.045 sec] Changed global option track_nojavascript: 0
[ 0.046 sec] Changed global option proxy_url: 
[ 0.048 sec] Changed global option track_content: disabled
[ 0.049 sec] Changed global option track_search: 0
[ 0.050 sec] Changed global option track_404: 0
[ 0.051 sec] Changed global option add_post_annotations: 0
[ 0.053 sec] Changed global option add_customvars_box: 0
[ 0.054 sec] Changed global option add_download_extensions: 
[ 0.055 sec] Changed global option set_download_extensions: 
[ 0.056 sec] Changed global option disable_cookies: 0
[ 0.058 sec] Changed global option limit_cookies: 0
[ 0.059 sec] Changed global option limit_cookies_visitor: 34186669
[ 0.060 sec] Changed global option limit_cookies_session: 1800
[ 0.061 sec] Changed global option limit_cookies_referral: 15778463
[ 0.062 sec] Changed global option track_admin: 0
[ 0.064 sec] Changed global option capability_stealth: a:0:{}
[ 0.065 sec] Changed global option track_across: 0
[ 0.066 sec] Changed global option track_across_alias: 0
[ 0.067 sec] Changed global option track_feed: 0
[ 0.069 sec] Changed global option track_feed_addcampaign: 0
[ 0.070 sec] Changed global option track_feed_campaign: feed
[ 0.071 sec] Changed global option track_heartbeat: 0
[ 0.072 sec] Changed global option track_user_id: disabled
[ 0.074 sec] Changed global option cache: 1
[ 0.075 sec] Changed global option http_connection: curl
[ 0.076 sec] Changed global option http_method: post
[ 0.077 sec] Changed global option disable_timelimit: 0
[ 0.079 sec] Changed global option connection_timeout: 5
[ 0.080 sec] Changed global option disable_ssl_verify: 0
[ 0.081 sec] Changed global option disable_ssl_verify_host: 0
[ 0.082 sec] Changed global option piwik_useragent: php
[ 0.084 sec] Changed global option piwik_useragent_string: WP-Piwik
[ 0.085 sec] Changed global option track_datacfasync: 0
[ 0.086 sec] Changed global option track_cdnurl: 
[ 0.087 sec] Changed global option track_cdnurlssl: 
[ 0.088 sec] Changed global option force_protocol: disabled
[ 0.090 sec] Changed global option update_notice: enabled
[ 0.091 sec] Changed option name: 
[ 0.092 sec] Changed option site_id: 
[ 0.094 sec] Changed option noscript_code: 
[ 0.095 sec] Changed option tracking_code: 
[ 0.096 sec] Changed option last_tracking_code_update: 0
[ 0.097 sec] Changed option dashboard_revision: 0
[ 0.099 sec] Changed global option last_settings_update: 1480801320
[ 0.100 sec] Save settings
[ 0.127 sec] Database result: 
[ 0.131 sec] Perform request: method=SitesManager.getSitesIdFromSiteUrl&url=http://192.168.99.100:8080
[ 0.403 sec] Result string: [[],"2.17.1"]
[ 0.406 sec] Tried to identify current site, result: a:0:{}
[ 0.408 sec] Perform request: global.getPiwikVersion
[ 0.410 sec] Perform request: method=SitesManager.addSite&urls=http://192.168.99.100:8080&siteName=test
[ 0.617 sec] Result string: [21]
[ 0.620 sec] Create Piwik ID: WordPress site http://192.168.99.100:8080 = Piwik ID 21
[ 0.622 sec] Get Piwik ID: WordPress site http://192.168.99.100:8080 = Piwik ID 21
[ 0.624 sec] Changed option site_id: 21
[ 0.625 sec] Save settings
[ 0.636 sec] Changed option site_id: 21
[ 0.638 sec] Changed global option revision: 2016112701
[ 0.639 sec] Changed global option last_settings_update: 1480801321
[ 0.641 sec] Save settings
[ 0.716 sec] Database result: 21
[ 0.718 sec] Perform request: global.getPiwikVersion
[ 0.928 sec] Result string: ["2.17.1"]
[ 0.932 sec] Database result: 21
[ 0.934 sec] Perform request: method=SitesManager.getSitesWithAtLeastViewAccess
[ 1.103 sec] Result string: [[{"idsite":"1","name":"Braekling.de","main_url":"https:\/\/braekling.de","ts_created":"2015-07-23 21:00:47","ecommerce":"0","sitesearch":"1","sitesearch_keyword_parameters":"","sitesearch_category_parameters":"","timezone":"Europe\/Berlin","currency":"EUR","exclude_unknown_urls":"0","excluded_ips":"","excluded_parameters":"","excluded_user_agents":"","group":"","type":"website","keep_url_fragment":"0"},{"idsite":"2","name":"Diva-tc.de","main_url":"https:\/\/diva-tc.de","ts_created":"2015-07-24 20:32:13","ecommerce":"0","sitesearch":"1","sitesearch_keyword_parameters":"","sitesearch_category_parameters":"","timezone":"Europe\/Berlin","currency":"EUR","exclude_unknown_urls":"0","excluded_ips":"","excluded_parameters":"","excluded_user_agents":"","group":"","type":"website","keep_url_fragment":"0"},{"idsite":"3","name":"Marchia.de","main_url":"https:\/\/www.marchia.de","ts_created":"2015-07-30 02:00:00","ecommerce":"0","sitesearch":"1","sitesearch_keyword_parameters":"","sitesearch_category_parameters":"","timezone":"Europe\/Berlin","currency":"EUR","exclude_unknown_urls":"0","excluded_ips":"","excluded_parameters":"","excluded_user_agents":"","group":"","type":"website","keep_url_fragment":"0"},{"idsite":"5","name":"Marchia.de Interner Bereich","main_url":"https:\/\/intern.marchia.de","ts_created":"2016-02-15 00:00:00","ecommerce":"0","sitesearch":"1","sitesearch_keyword_parameters":"","sitesearch_category_parameters":"","timezone":"Europe\/Berlin","currency":"USD","exclude_unknown_urls":"0","excluded_ips":"","excluded_parameters":"","excluded_user_agents":"","group":"","type":"website","keep_url_fragment":"0"},{"idsite":"6","name":"Wedding","main_url":"https:\/\/nicole-und-andre.de","ts_created":"2016-05-26 00:00:00","ecommerce":"0","sitesearch":"1","sitesearch_keyword_parameters":"","sitesearch_category_parameters":"","timezone":"Europe\/Berlin","currency":"USD","exclude_unknown_urls":"0","excluded_ips":"","excluded_parameters":"","excluded_user_agents":"","group":"","type":"website","keep_url_fragment":"0"},{"idsite":"21","name":"test","main_url":"http:\/\/192.168.99.100:8080","ts_created":"2016-12-03 21:42:01","ecommerce":"0","sitesearch":"1","sitesearch_keyword_parameters":"","sitesearch_category_parameters":"","timezone":"Europe\/Berlin","currency":"USD","exclude_unknown_urls":"0","excluded_ips":"","excluded_parameters":"","excluded_user_agents":"","group":"","type":"website","keep_url_fragment":"0"}]]
[ 4.008 sec] Logging finished ------------------------------
[ 0.000 sec] Logging started -------------------------------
[ 0.004 sec] Store default settings
[ 0.005 sec] Load settings
[ 0.008 sec] Current revision 2016112701
[ 0.009 sec] No settings changed yet
[ 0.077 sec] Perform request: global.getPiwikVersion
[ 0.287 sec] Result string: ["2.17.1"]
[ 0.290 sec] Database result: 21
[ 0.292 sec] Perform request: method=SitesManager.getSitesWithAtLeastViewAccess
[ 0.464 sec] Result string: [[{"idsite":"1","name":"Braekling.de","main_url":"https:\/\/braekling.de","ts_created":"2015-07-23 21:00:47","ecommerce":"0","sitesearch":"1","sitesearch_keyword_parameters":"","sitesearch_category_parameters":"","timezone":"Europe\/Berlin","currency":"EUR","exclude_unknown_urls":"0","excluded_ips":"","excluded_parameters":"","excluded_user_agents":"","group":"","type":"website","keep_url_fragment":"0"},{"idsite":"2","name":"Diva-tc.de","main_url":"https:\/\/diva-tc.de","ts_created":"2015-07-24 20:32:13","ecommerce":"0","sitesearch":"1","sitesearch_keyword_parameters":"","sitesearch_category_parameters":"","timezone":"Europe\/Berlin","currency":"EUR","exclude_unknown_urls":"0","excluded_ips":"","excluded_parameters":"","excluded_user_agents":"","group":"","type":"website","keep_url_fragment":"0"},{"idsite":"3","name":"Marchia.de","main_url":"https:\/\/www.marchia.de","ts_created":"2015-07-30 02:00:00","ecommerce":"0","sitesearch":"1","sitesearch_keyword_parameters":"","sitesearch_category_parameters":"","timezone":"Europe\/Berlin","currency":"EUR","exclude_unknown_urls":"0","excluded_ips":"","excluded_parameters":"","excluded_user_agents":"","group":"","type":"website","keep_url_fragment":"0"},{"idsite":"5","name":"Marchia.de Interner Bereich","main_url":"https:\/\/intern.marchia.de","ts_created":"2016-02-15 00:00:00","ecommerce":"0","sitesearch":"1","sitesearch_keyword_parameters":"","sitesearch_category_parameters":"","timezone":"Europe\/Berlin","currency":"USD","exclude_unknown_urls":"0","excluded_ips":"","excluded_parameters":"","excluded_user_agents":"","group":"","type":"website","keep_url_fragment":"0"},{"idsite":"6","name":"Wedding","main_url":"https:\/\/nicole-und-andre.de","ts_created":"2016-05-26 00:00:00","ecommerce":"0","sitesearch":"1","sitesearch_keyword_parameters":"","sitesearch_category_parameters":"","timezone":"Europe\/Berlin","currency":"USD","exclude_unknown_urls":"0","excluded_ips":"","excluded_parameters":"","excluded_user_agents":"","group":"","type":"website","keep_url_fragment":"0"},{"idsite":"21","name":"test","main_url":"http:\/\/192.168.99.100:8080","ts_created":"2016-12-03 21:42:01","ecommerce":"0","sitesearch":"1","sitesearch_keyword_parameters":"","sitesearch_category_parameters":"","timezone":"Europe\/Berlin","currency":"USD","exclude_unknown_urls":"0","excluded_ips":"","excluded_parameters":"","excluded_user_agents":"","group":"","type":"website","keep_url_fragment":"0"}]]
[ 3.262 sec] Logging finished ------------------------------
[ 0.000 sec] Logging started -------------------------------
[ 0.005 sec] Store default settings
[ 0.006 sec] Load settings
[ 0.009 sec] Current revision 2016112701
[ 0.011 sec] No settings changed yet
[ 0.029 sec] Logging finished ------------------------------
[ 0.000 sec] Logging started -------------------------------
[ 0.004 sec] Store default settings
[ 0.005 sec] Load settings
[ 0.008 sec] Current revision 2016112701
[ 0.010 sec] No settings changed yet
[ 0.027 sec] Logging finished ------------------------------
[ 0.000 sec] Logging started -------------------------------
[ 0.004 sec] Store default settings
[ 0.006 sec] Load settings
[ 0.011 sec] Current revision 2016112701
[ 0.013 sec] No settings changed yet
[ 0.031 sec] Logging finished ------------------------------
[ 0.000 sec] Logging started -------------------------------
[ 0.004 sec] Store default settings
[ 0.005 sec] Load settings
[ 0.008 sec] Current revision 2016112701
[ 0.009 sec] No settings changed yet
[ 0.026 sec] Logging finished ------------------------------
[ 0.000 sec] Logging started -------------------------------
[ 0.004 sec] Store default settings
[ 0.005 sec] Load settings
[ 0.009 sec] Current revision 2016112701
[ 0.010 sec] No settings changed yet
[ 0.028 sec] Logging finished ------------------------------
[ 0.000 sec] Logging started -------------------------------
[ 0.004 sec] Store default settings
[ 0.005 sec] Load settings
[ 0.008 sec] Current revision 2016112701
[ 0.009 sec] No settings changed yet
[ 0.026 sec] Logging finished ------------------------------
[ 0.000 sec] Logging started -------------------------------
[ 0.004 sec] Store default settings
[ 0.005 sec] Load settings
[ 0.008 sec] Current revision 2016112701
[ 0.009 sec] No settings changed yet
[ 0.026 sec] Logging finished ------------------------------
[ 0.000 sec] Logging started -------------------------------
[ 0.004 sec] Store default settings
[ 0.005 sec] Load settings
[ 0.008 sec] Current revision 2016112701
[ 0.009 sec] No settings changed yet
[ 0.026 sec] Logging finished ------------------------------
[ 0.000 sec] Logging started -------------------------------
[ 0.004 sec] Store default settings
[ 0.005 sec] Load settings
[ 0.008 sec] Current revision 2016112701
[ 0.010 sec] No settings changed yet
[ 0.029 sec] Logging finished ------------------------------
[ 0.000 sec] Logging started -------------------------------
[ 0.004 sec] Store default settings
[ 0.005 sec] Load settings
[ 0.008 sec] Current revision 2016112701
[ 0.009 sec] No settings changed yet
[ 0.000 sec] Logging started -------------------------------
[ 0.004 sec] Store default settings
[ 0.006 sec] Load settings
[ 0.009 sec] Current revision 2016112701
[ 0.011 sec] No settings changed yet
[ 0.017 sec] Logging finished ------------------------------
[ 7.038 sec] Logging finished ------------------------------
[ 0.000 sec] Logging started -------------------------------
[ 0.004 sec] Store default settings
[ 0.005 sec] Load settings
[ 0.009 sec] Current revision 2016112701
[ 0.010 sec] No settings changed yet
[ 0.027 sec] Logging finished ------------------------------
[ 0.000 sec] Logging started -------------------------------
[ 0.004 sec] Store default settings
[ 0.006 sec] Load settings
[ 0.011 sec] Current revision 2016112701
[ 0.014 sec] No settings changed yet
[ 0.031 sec] Logging finished ------------------------------
[ 0.000 sec] Logging started -------------------------------
[ 0.000 sec] Logging started -------------------------------
[ 0.003 sec] Store default settings
[ 0.003 sec] Store default settings
[ 0.005 sec] Load settings
[ 0.005 sec] Load settings
[ 0.008 sec] Current revision 2016112701
[ 0.009 sec] Current revision 2016112701
[ 0.010 sec] No settings changed yet
[ 0.010 sec] No settings changed yet
[ 0.026 sec] Logging finished ------------------------------
[ 0.026 sec] Logging finished ------------------------------
[ 0.000 sec] Logging started -------------------------------
[ 0.004 sec] Store default settings
[ 0.005 sec] Load settings
[ 0.008 sec] Current revision 2016112701
[ 0.009 sec] No settings changed yet
[ 0.027 sec] Logging finished ------------------------------
[ 0.000 sec] Logging started -------------------------------
[ 0.004 sec] Store default settings
[ 0.005 sec] Load settings
[ 0.008 sec] Current revision 2016112701
[ 0.009 sec] No settings changed yet
[ 0.026 sec] Logging finished ------------------------------
[ 0.000 sec] Logging started -------------------------------
[ 0.004 sec] Store default settings
[ 0.005 sec] Load settings
[ 0.009 sec] Current revision 2016112701
[ 0.010 sec] No settings changed yet
[ 0.029 sec] Logging finished ------------------------------
[ 0.000 sec] Logging started -------------------------------
[ 0.002 sec] Store default settings
[ 0.003 sec] Load settings
[ 0.006 sec] Current revision 2016112701
[ 0.007 sec] No settings changed yet
[ 0.061 sec] Logging finished ------------------------------
[ 0.000 sec] Logging started -------------------------------
[ 0.002 sec] Store default settings
[ 0.004 sec] Load settings
[ 0.007 sec] Current revision 2016112701
[ 0.008 sec] No settings changed yet
[ 0.026 sec] Logging finished ------------------------------
[ 0.000 sec] Logging started -------------------------------
[ 0.004 sec] Store default settings
[ 0.005 sec] Load settings
[ 0.008 sec] Current revision 2016112701
[ 0.009 sec] Upgrade WP-Piwik to 1.0.14
[ 0.015 sec] Running WP-Piwik installation
[ 0.016 sec] Changed global option revision: 2016120301
[ 0.017 sec] Changed global option last_settings_update: 1480802523
[ 0.018 sec] Save settings
[ 0.040 sec] Logging finished ------------------------------
[ 0.000 sec] Logging started -------------------------------
[ 0.004 sec] Store default settings
[ 0.005 sec] Load settings
[ 0.008 sec] Current revision 2016120301
[ 0.009 sec] No settings changed yet
[ 0.026 sec] Logging finished ------------------------------
[ 0.000 sec] Logging started -------------------------------
[ 0.004 sec] Store default settings
[ 0.005 sec] Load settings
[ 0.008 sec] Current revision 2016120301
[ 0.010 sec] No settings changed yet
[ 0.027 sec] Logging finished ------------------------------
[ 0.000 sec] Logging started -------------------------------
[ 0.004 sec] Store default settings
[ 0.005 sec] Load settings
[ 0.008 sec] Current revision 2016120301
[ 0.009 sec] No settings changed yet
[ 0.028 sec] Logging finished ------------------------------
[ 0.000 sec] Logging started -------------------------------
[ 0.004 sec] Store default settings
[ 0.005 sec] Load settings
[ 0.008 sec] Current revision 2016120301
[ 0.010 sec] No settings changed yet
[ 0.026 sec] Logging finished ------------------------------
[ 0.000 sec] Logging started -------------------------------
[ 0.004 sec] Store default settings
[ 0.005 sec] Load settings
[ 0.008 sec] Current revision 2016120301
[ 0.009 sec] No settings changed yet
[ 0.026 sec] Logging finished ------------------------------
[ 0.000 sec] Logging started -------------------------------
[ 0.004 sec] Store default settings
[ 0.005 sec] Load settings
[ 0.008 sec] Current revision 2016120301
[ 0.009 sec] No settings changed yet
[ 0.026 sec] Logging finished ------------------------------
[ 0.000 sec] Logging started -------------------------------
[ 0.002 sec] Store default settings
[ 0.003 sec] Load settings
[ 0.006 sec] Current revision 2016120301
[ 0.007 sec] No settings changed yet
[ 0.018 sec] Logging finished ------------------------------
[ 0.000 sec] Logging started -------------------------------
[ 0.004 sec] Store default settings
[ 0.007 sec] Load settings
[ 0.012 sec] Current revision 2016120301
[ 0.016 sec] No settings changed yet
[ 0.037 sec] Logging finished ------------------------------
[ 0.000 sec] Logging started -------------------------------
[ 0.004 sec] Store default settings
[ 0.005 sec] Load settings
[ 0.008 sec] Current revision 2016120301
[ 0.009 sec] No settings changed yet
[ 0.027 sec] Logging finished ------------------------------
[ 0.000 sec] Logging started -------------------------------
[ 0.004 sec] Store default settings
[ 0.005 sec] Load settings
[ 0.008 sec] Current revision 2016120301
[ 0.009 sec] No settings changed yet
[ 0.026 sec] Logging finished ------------------------------
[ 0.000 sec] Logging started -------------------------------
[ 0.005 sec] Store default settings
[ 0.007 sec] Load settings
[ 0.009 sec] Current revision 2016120301
[ 0.011 sec] No settings changed yet
[ 0.028 sec] Logging finished ------------------------------
[ 0.000 sec] Logging started -------------------------------
[ 0.004 sec] Store default settings
[ 0.005 sec] Load settings
[ 0.008 sec] Current revision 2016120301
[ 0.009 sec] No settings changed yet
[ 0.026 sec] Logging finished ------------------------------
[ 0.000 sec] Logging started -------------------------------
[ 0.004 sec] Store default settings
[ 0.005 sec] Load settings
[ 0.008 sec] Current revision 2016120301
[ 0.009 sec] No settings changed yet
[ 0.026 sec] Logging finished ------------------------------
[ 0.000 sec] Logging started -------------------------------
[ 0.004 sec] Store default settings
[ 0.005 sec] Load settings
[ 0.008 sec] Current revision 2016120301
[ 0.010 sec] No settings changed yet
[ 0.026 sec] Logging finished ------------------------------
[ 0.000 sec] Logging started -------------------------------
[ 0.004 sec] Store default settings
[ 0.005 sec] Load settings
[ 0.009 sec] Current revision 2016120301
[ 0.010 sec] No settings changed yet
[ 0.028 sec] Logging finished ------------------------------
[ 0.000 sec] Logging started -------------------------------
[ 0.004 sec] Store default settings
[ 0.005 sec] Load settings
[ 0.008 sec] Current revision 2016120301
[ 0.010 sec] No settings changed yet
[ 0.028 sec] Logging finished ------------------------------
[ 0.000 sec] Logging started -------------------------------
[ 0.003 sec] Store default settings
[ 0.004 sec] Load settings
[ 0.006 sec] Current revision 2016120301
[ 0.007 sec] No settings changed yet
[ 0.020 sec] Logging finished ------------------------------
